<?xml version="1.0" encoding="UTF-8"?>
<!-- Generated by org.testng.reporters.JUnitReportReporter -->
<testsuite hostname="MacBook-Pro.bbrouter" failures="0" tests="1" name="shreyansh.prajwal" time="8.136" errors="0" timestamp="27 Oct 2023 08:41:44 GMT">
  <testcase classname="shreyansh.prajwal" name="tc1" time="8.136"/>
</testsuite> <!-- shreyansh.prajwal -->
