<?xml version="1.0" encoding="UTF-8"?>
<!-- Generated by org.testng.reporters.JUnitReportReporter -->
<testsuite hostname="MacBook-Pro.bbrouter" failures="0" tests="1" name="shreyansh.guru" time="3.082" errors="0" timestamp="27 Oct 2023 08:49:15 GMT">
  <testcase classname="shreyansh.guru" name="rr" time="3.082"/>
</testsuite> <!-- shreyansh.guru -->
